<?xml version="1.0" encoding="UTF-8"?>
<coverage generated="1688999052794" clover="3.2.0">
  <project timestamp="1688999052794" name="All files">
    <metrics statements="8" coveredstatements="8" conditionals="0" coveredconditionals="0" methods="5" coveredmethods="5" elements="13" coveredelements="13" complexity="0" loc="8" ncloc="8" packages="1" files="2" classes="2"/>
    <file name="main-ui.ts" path="F:/Nathan/Misc/GitHub/jsdom-vitest-playground/src/main-ui.ts">
      <metrics statements="7" coveredstatements="7" conditionals="0" coveredconditionals="0" methods="4" coveredmethods="4"/>
      <line num="4" count="5" type="stmt"/>
      <line num="16" count="5" type="stmt"/>
      <line num="17" count="2" type="stmt"/>
      <line num="18" count="2" type="stmt"/>
      <line num="21" count="5" type="stmt"/>
      <line num="22" count="1" type="stmt"/>
      <line num="23" count="1" type="stmt"/>
    </file>
    <file name="utils.ts" path="F:/Nathan/Misc/GitHub/jsdom-vitest-playground/src/utils.ts">
      <metrics statements="1" coveredstatements="1" conditionals="0" coveredconditionals="0" methods="1" coveredmethods="1"/>
      <line num="2" count="2" type="stmt"/>
    </file>
  </project>
</coverage>
