{"F:/Nathan/Misc/GitHub/jsdom-vitest-playground/src/main-ui.ts": {"path":"F:/Nathan/Misc/GitHub/jsdom-vitest-playground/src/main-ui.ts","statementMap":{"0":{"start":{"line":4,"column":2},"end":{"line":4,"column":null}},"1":{"start":{"line":16,"column":2},"end":{"line":19,"column":null}},"2":{"start":{"line":17,"column":4},"end":{"line":17,"column":null}},"3":{"start":{"line":18,"column":4},"end":{"line":18,"column":null}},"4":{"start":{"line":21,"column":2},"end":{"line":24,"column":null}},"5":{"start":{"line":22,"column":16},"end":{"line":22,"column":null}},"6":{"start":{"line":23,"column":4},"end":{"line":23,"column":null}}},"fnMap":{"0":{"name":"mainUI","decl":{"start":{"line":3,"column":16},"end":{"line":3,"column":25}},"loc":{"start":{"line":3,"column":25},"end":{"line":13,"column":null}}},"1":{"name":"addListeners","decl":{"start":{"line":15,"column":16},"end":{"line":15,"column":31}},"loc":{"start":{"line":15,"column":31},"end":{"line":25,"column":null}}},"2":{"name":"(anonymous_2)","decl":{"start":{"line":16,"column":67},"end":{"line":16,"column":73}},"loc":{"start":{"line":16,"column":73},"end":{"line":19,"column":3}}},"3":{"name":"(anonymous_3)","decl":{"start":{"line":21,"column":67},"end":{"line":21,"column":73}},"loc":{"start":{"line":21,"column":73},"end":{"line":24,"column":3}}}},"branchMap":{},"s":{"0":5,"1":5,"2":2,"3":2,"4":5,"5":1,"6":1},"f":{"0":5,"1":5,"2":2,"3":1},"b":{}}
,"F:/Nathan/Misc/GitHub/jsdom-vitest-playground/src/utils.ts": {"path":"F:/Nathan/Misc/GitHub/jsdom-vitest-playground/src/utils.ts","statementMap":{"0":{"start":{"line":2,"column":4},"end":{"line":2,"column":null}}},"fnMap":{"0":{"name":"add","decl":{"start":{"line":1,"column":16},"end":{"line":1,"column":20}},"loc":{"start":{"line":1,"column":55},"end":{"line":3,"column":null}}}},"branchMap":{},"s":{"0":2},"f":{"0":2},"b":{}}
}
